<?xml version="1.0" encoding="UTF-8" standalone="no"?>
<testsuite errors="0" failures="1" name="io.cucumber.core.plugin.JUnitFormatter" skipped="0" tests="6" time="71.076">
    <testcase classname="US1002_Amazon Arama Testi" name="TC02 Kullanici Amazonda Nutella aramasi yapar" time="6.089">
        <system-out>
            <![CDATA[Given Kullanici amazon anasayfaya gider.....................................passed
Then Arama cubuguna Nutella yazip aratir....................................passed
And Arama sonuclarinin Nutella icerdigini test eder.........................passed
And Sayfayi kapatir.........................................................passed
]]>
        </system-out>
    </testcase>
    <testcase classname="US1002_Amazon Arama Testi" name="TC03 Kullanici Amazonda Java aramasi yapar" time="4.676">
        <system-out>
            <![CDATA[Given Kullanici amazon anasayfaya gider.....................................passed
Then Arama cubuguna Java yazip aratir.......................................passed
And Arama sonuclarinin Java icerdigini test eder............................passed
And Sayfayi kapatir.........................................................passed
]]>
        </system-out>
    </testcase>
    <testcase classname="US1002_Amazon Arama Testi" name="TC04 Kullanici Amazonda Java aramasi yapar" time="20.028">
        <system-out>
            <![CDATA[Given Kullanici amazon anasayfaya gider.....................................passed
Then Arama cubuguna Apple yazip aratir......................................passed
And Arama sonuclarinin Apple icerdigini test eder...........................passed
And Sayfayi kapatir.........................................................passed
]]>
        </system-out>
    </testcase>
    <testcase classname="US1003 Background kullanarak Amazon arama testi" name="TC05 Kullanici Amazonda Nutella aramasi yapar" time="4.448">
        <system-out>
            <![CDATA[Given Kullanici amazon anasayfaya gider.....................................passed
Then Arama cubuguna Nutella yazip aratir....................................passed
And Arama sonuclarinin Nutella icerdigini test eder.........................passed
And Sayfayi kapatir.........................................................passed
]]>
        </system-out>
    </testcase>
    <testcase classname="US1003 Background kullanarak Amazon arama testi" name="TC06 Kullanici Amazonda Java aramasi yapar" time="16.831">
        <failure message="no such element: Unable to locate element: {&quot;method&quot;:&quot;css selector&quot;,&quot;selector&quot;:&quot;#twotabsearchtextbox&quot;}&#10;  (Session info: chrome=107.0.5304.107)&#10;For documentation on this error, please visit: https://selenium.dev/exceptions/#no_such_element&#10;Build info: version: '4.5.0', revision: 'fe167b119a'&#10;System info: os.name: 'Windows 11', os.arch: 'amd64', os.version: '10.0', java.version: '11.0.17'&#10;Driver info: org.openqa.selenium.chrome.ChromeDriver&#10;Command: [5d89c6d60f675cd613d8d6e28d10ee00, findElement {using=id, value=twotabsearchtextbox}]&#10;Capabilities {acceptInsecureCerts: false, browserName: chrome, browserVersion: 107.0.5304.107, chrome: {chromedriverVersion: 107.0.5304.62 (1eec40d3a576..., userDataDir: C:\Users\ahmet\AppData\Loca...}, goog:chromeOptions: {debuggerAddress: localhost:51965}, networkConnectionEnabled: false, pageLoadStrategy: normal, platformName: WINDOWS, proxy: Proxy(), se:cdp: ws://localhost:51965/devtoo..., se:cdpVersion: 107.0.5304.107, setWindowRect: true, strictFileInteractability: false, timeouts: {implicit: 0, pageLoad: 300000, script: 30000}, unhandledPromptBehavior: dismiss and notify, webauthn:extension:credBlob: true, webauthn:extension:largeBlob: true, webauthn:virtualAuthenticators: true}&#10;Session ID: 5d89c6d60f675cd613d8d6e28d10ee00" type="org.openqa.selenium.NoSuchElementException">
            <![CDATA[Given Kullanici amazon anasayfaya gider.....................................passed
Then Arama cubuguna Java yazip aratir.......................................failed
And Arama sonuclarinin Java icerdigini test eder............................skipped
And Sayfayi kapatir.........................................................skipped

StackTrace:
org.openqa.selenium.NoSuchElementException: no such element: Unable to locate element: {"method":"css selector","selector":"#twotabsearchtextbox"}
  (Session info: chrome=107.0.5304.107)
For documentation on this error, please visit: https://selenium.dev/exceptions/#no_such_element
Build info: version: '4.5.0', revision: 'fe167b119a'
System info: os.name: 'Windows 11', os.arch: 'amd64', os.version: '10.0', java.version: '11.0.17'
Driver info: org.openqa.selenium.chrome.ChromeDriver
Command: [5d89c6d60f675cd613d8d6e28d10ee00, findElement {using=id, value=twotabsearchtextbox}]
Capabilities {acceptInsecureCerts: false, browserName: chrome, browserVersion: 107.0.5304.107, chrome: {chromedriverVersion: 107.0.5304.62 (1eec40d3a576..., userDataDir: C:\Users\ahmet\AppData\Loca...}, goog:chromeOptions: {debuggerAddress: localhost:51965}, networkConnectionEnabled: false, pageLoadStrategy: normal, platformName: WINDOWS, proxy: Proxy(), se:cdp: ws://localhost:51965/devtoo..., se:cdpVersion: 107.0.5304.107, setWindowRect: true, strictFileInteractability: false, timeouts: {implicit: 0, pageLoad: 300000, script: 30000}, unhandledPromptBehavior: dismiss and notify, webauthn:extension:credBlob: true, webauthn:extension:largeBlob: true, webauthn:virtualAuthenticators: true}
Session ID: 5d89c6d60f675cd613d8d6e28d10ee00
	at java.base/jdk.internal.reflect.NativeConstructorAccessorImpl.newInstance0(Native Method)
	at java.base/jdk.internal.reflect.NativeConstructorAccessorImpl.newInstance(NativeConstructorAccessorImpl.java:62)
	at java.base/jdk.internal.reflect.DelegatingConstructorAccessorImpl.newInstance(DelegatingConstructorAccessorImpl.java:45)
	at java.base/java.lang.reflect.Constructor.newInstance(Constructor.java:490)
	at org.openqa.selenium.remote.codec.w3c.W3CHttpResponseCodec.createException(W3CHttpResponseCodec.java:200)
	at org.openqa.selenium.remote.codec.w3c.W3CHttpResponseCodec.decode(W3CHttpResponseCodec.java:133)
	at org.openqa.selenium.remote.codec.w3c.W3CHttpResponseCodec.decode(W3CHttpResponseCodec.java:53)
	at org.openqa.selenium.remote.HttpCommandExecutor.execute(HttpCommandExecutor.java:184)
	at org.openqa.selenium.remote.service.DriverCommandExecutor.invokeExecute(DriverCommandExecutor.java:167)
	at org.openqa.selenium.remote.service.DriverCommandExecutor.execute(DriverCommandExecutor.java:142)
	at org.openqa.selenium.remote.RemoteWebDriver.execute(RemoteWebDriver.java:547)
	at org.openqa.selenium.remote.ElementLocation$ElementFinder$2.findElement(ElementLocation.java:162)
	at org.openqa.selenium.remote.ElementLocation.findElement(ElementLocation.java:66)
	at org.openqa.selenium.remote.RemoteWebDriver.findElement(RemoteWebDriver.java:365)
	at org.openqa.selenium.remote.RemoteWebDriver.findElement(RemoteWebDriver.java:357)
	at org.openqa.selenium.support.pagefactory.DefaultElementLocator.findElement(DefaultElementLocator.java:70)
	at org.openqa.selenium.support.pagefactory.internal.LocatingElementHandler.invoke(LocatingElementHandler.java:39)
	at com.sun.proxy.$Proxy22.sendKeys(Unknown Source)
	at stepdefinitions.AmazonStepDefinitions.arama_cubuguna_java_yazip_aratir(AmazonStepDefinitions.java:29)
	at âœ½.Arama cubuguna Java yazip aratir(file:///C:/Users/ahmet/IdeaProjects/com.Cucumber.Fall2022/src/test/resources/features/US1003_BackgroundAmazonAramaTesti.feature:16)
]]>
        </failure>
    </testcase>
    <testcase classname="US1003 Background kullanarak Amazon arama testi" name="TC07 Kullanici Amazonda Java aramasi yapar" time="18.777">
        <system-out>
            <![CDATA[Given Kullanici amazon anasayfaya gider.....................................passed
Then Arama cubuguna Apple yazip aratir......................................passed
And Arama sonuclarinin Apple icerdigini test eder...........................passed
And Sayfayi kapatir.........................................................passed
]]>
        </system-out>
    </testcase>
</testsuite>
